# JRE version: OpenJDK Runtime Environment Temurin-21.0.6+7 (21.0.6+7) (build 21.0.6+7-LTS)
# Java VM: OpenJDK 64-Bit Server VM Temurin-21.0.6+7 (21.0.6+7-LTS, mixed mode, sharing, tiered, compressed oops, compressed class ptrs, g1 gc, windows-amd64)
GC Precious Log:
 CardTable entry size: 512
 Card Set container configuration: InlinePtr #cards 5 size 8 Array Of Cards #cards 12 size 40 Howl #buckets 4 coarsen threshold 1843 Howl Bitmap #cards 512 size 80 coarsen threshold 460 Card regions per heap region 1 cards per card region 2048
 CPUs: 12 total, 12 available
 Memory: 7502M
 Large Page Support: Disabled
 NUMA Support: Disabled
 Compressed Oops: Enabled (32-bit)
 Heap Region Size: 1M
 Heap Min Capacity: 8M
 Heap Initial Capacity: 118M
 Heap Max Capacity: 1876M
 Pre-touch: Disabled
 Parallel Workers: 10
 Concurrent Workers: 3
 Concurrent Refinement Workers: 10
 Periodic GC: Disabled
Heap:
 garbage-first heap   total 181248K, used 108525K [0x000000008ac00000, 0x0000000100000000)
  region size 1024K, 6 young (6144K), 6 survivors (6144K)
 Metaspace       used 68934K, committed 69632K, reserved 1114112K
  class space    used 9544K, committed 9856K, reserved 1048576K
GC Heap History (20 events):
Event: 11.082 GC heap after
{Heap after GC invocations=11 (full 0):
 garbage-first heap   total 107520K, used 31091K [0x000000008ac00000, 0x0000000100000000)
  region size 1024K, 4 young (4096K), 4 survivors (4096K)
 Metaspace       used 59563K, committed 60096K, reserved 1114112K
  class space    used 8009K, committed 8256K, reserved 1048576K
}
Event: 12.624 GC heap before
{Heap before GC invocations=12 (full 0):
 garbage-first heap   total 106496K, used 90483K [0x000000008ac00000, 0x0000000100000000)
  region size 1024K, 62 young (63488K), 4 survivors (4096K)
 Metaspace       used 67097K, committed 67776K, reserved 1114112K
  class space    used 9167K, committed 9472K, reserved 1048576K
}
Event: 12.634 GC heap after
{Heap after GC invocations=13 (full 0):
 garbage-first heap   total 106496K, used 37964K [0x000000008ac00000, 0x0000000100000000)
  region size 1024K, 8 young (8192K), 8 survivors (8192K)
 Metaspace       used 67097K, committed 67776K, reserved 1114112K
  class space    used 9167K, committed 9472K, reserved 1048576K
}
Event: 12.886 GC heap before
{Heap before GC invocations=13 (full 0):
 garbage-first heap   total 106496K, used 91212K [0x000000008ac00000, 0x0000000100000000)
  region size 1024K, 59 young (60416K), 8 survivors (8192K)
 Metaspace       used 67115K, committed 67776K, reserved 1114112K
  class space    used 9168K, committed 9472K, reserved 1048576K
}
Event: 12.907 GC heap after
{Heap after GC invocations=14 (full 0):
 garbage-first heap   total 117760K, used 56320K [0x000000008ac00000, 0x0000000100000000)
  region size 1024K, 8 young (8192K), 8 survivors (8192K)
 Metaspace       used 67115K, committed 67776K, reserved 1114112K
  class space    used 9168K, committed 9472K, reserved 1048576K
}
Event: 13.000 GC heap before
{Heap before GC invocations=14 (full 0):
 garbage-first heap   total 117760K, used 96256K [0x000000008ac00000, 0x0000000100000000)
  region size 1024K, 47 young (48128K), 8 survivors (8192K)
 Metaspace       used 67139K, committed 67840K, reserved 1114112K
  class space    used 9168K, committed 9472K, reserved 1048576K
}
Event: 13.010 GC heap after
{Heap after GC invocations=15 (full 0):
 garbage-first heap   total 117760K, used 62678K [0x000000008ac00000, 0x0000000100000000)
  region size 1024K, 5 young (5120K), 5 survivors (5120K)
 Metaspace       used 67139K, committed 67840K, reserved 1114112K
  class space    used 9168K, committed 9472K, reserved 1048576K
}
Event: 13.259 GC heap before
{Heap before GC invocations=15 (full 0):
 garbage-first heap   total 117760K, used 98518K [0x000000008ac00000, 0x0000000100000000)
  region size 1024K, 41 young (41984K), 5 survivors (5120K)
 Metaspace       used 68930K, committed 69632K, reserved 1114112K
  class space    used 9544K, committed 9856K, reserved 1048576K
}
Event: 13.266 GC heap after
{Heap after GC invocations=16 (full 0):
 garbage-first heap   total 117760K, used 68052K [0x000000008ac00000, 0x0000000100000000)
  region size 1024K, 6 young (6144K), 6 survivors (6144K)
 Metaspace       used 68930K, committed 69632K, reserved 1114112K
  class space    used 9544K, committed 9856K, reserved 1048576K
}
Event: 13.355 GC heap before
{Heap before GC invocations=17 (full 0):
 garbage-first heap   total 117760K, used 93652K [0x000000008ac00000, 0x0000000100000000)
  region size 1024K, 38 young (38912K), 6 survivors (6144K)
 Metaspace       used 68931K, committed 69632K, reserved 1114112K
  class space    used 9544K, committed 9856K, reserved 1048576K
}
Event: 13.369 GC heap after
{Heap after GC invocations=18 (full 0):
 garbage-first heap   total 181248K, used 72379K [0x000000008ac00000, 0x0000000100000000)
  region size 1024K, 5 young (5120K), 5 survivors (5120K)
 Metaspace       used 68931K, committed 69632K, reserved 1114112K
  class space    used 9544K, committed 9856K, reserved 1048576K
}
Event: 13.511 GC heap before
{Heap before GC invocations=18 (full 0):
 garbage-first heap   total 181248K, used 137915K [0x000000008ac00000, 0x0000000100000000)
  region size 1024K, 68 young (69632K), 5 survivors (5120K)
 Metaspace       used 68932K, committed 69632K, reserved 1114112K
  class space    used 9544K, committed 9856K, reserved 1048576K
}
Event: 13.533 GC heap after
{Heap after GC invocations=19 (full 0):
 garbage-first heap   total 181248K, used 84992K [0x000000008ac00000, 0x0000000100000000)
  region size 1024K, 9 young (9216K), 9 survivors (9216K)
 Metaspace       used 68932K, committed 69632K, reserved 1114112K
  class space    used 9544K, committed 9856K, reserved 1048576K
}
Event: 13.587 GC heap before
{Heap before GC invocations=19 (full 0):
 garbage-first heap   total 181248K, used 120832K [0x000000008ac00000, 0x0000000100000000)
  region size 1024K, 45 young (46080K), 9 survivors (9216K)
 Metaspace       used 68934K, committed 69632K, reserved 1114112K
  class space    used 9544K, committed 9856K, reserved 1048576K
}
Event: 13.604 GC heap after
{Heap after GC invocations=20 (full 0):
 garbage-first heap   total 181248K, used 100352K [0x000000008ac00000, 0x0000000100000000)
  region size 1024K, 8 young (8192K), 8 survivors (8192K)
 Metaspace       used 68934K, committed 69632K, reserved 1114112K
  class space    used 9544K, committed 9856K, reserved 1048576K
}
Event: 13.699 GC heap before
{Heap before GC invocations=21 (full 0):
 garbage-first heap   total 181248K, used 139264K [0x000000008ac00000, 0x0000000100000000)
  region size 1024K, 51 young (52224K), 8 survivors (8192K)
 Metaspace       used 68934K, committed 69632K, reserved 1114112K
  class space    used 9544K, committed 9856K, reserved 1048576K
}
Event: 13.719 GC heap after
{Heap after GC invocations=22 (full 0):
 garbage-first heap   total 181248K, used 109940K [0x000000008ac00000, 0x0000000100000000)
  region size 1024K, 7 young (7168K), 7 survivors (7168K)
 Metaspace       used 68934K, committed 69632K, reserved 1114112K
  class space    used 9544K, committed 9856K, reserved 1048576K
}
Event: 13.769 GC heap before
{Heap before GC invocations=22 (full 0):
 garbage-first heap   total 181248K, used 147828K [0x000000008ac00000, 0x0000000100000000)
  region size 1024K, 44 young (45056K), 7 survivors (7168K)
 Metaspace       used 68934K, committed 69632K, reserved 1114112K
  class space    used 9544K, committed 9856K, reserved 1048576K
}
Event: 13.779 GC heap after
{Heap after GC invocations=23 (full 0):
 garbage-first heap   total 181248K, used 105739K [0x000000008ac00000, 0x0000000100000000)
  region size 1024K, 6 young (6144K), 6 survivors (6144K)
 Metaspace       used 68934K, committed 69632K, reserved 1114112K
  class space    used 9544K, committed 9856K, reserved 1048576K
}
Event: 13.836 GC heap before
{Heap before GC invocations=23 (full 0):
 garbage-first heap   total 181248K, used 147723K [0x000000008ac00000, 0x0000000100000000)
  region size 1024K, 47 young (48128K), 6 survivors (6144K)
 Metaspace       used 68934K, committed 69632K, reserved 1114112K
  class space    used 9544K, committed 9856K, reserved 1048576K
}

