# JRE version: OpenJDK Runtime Environment Temurin-21.0.6+7 (21.0.6+7) (build 21.0.6+7-LTS)
# Java VM: OpenJDK 64-Bit Server VM Temurin-21.0.6+7 (21.0.6+7-LTS, mixed mode, sharing, tiered, compressed oops, compressed class ptrs, parallel gc, windows-amd64)
GC Precious Log:
 CardTable entry size: 512
 CPUs: 12 total, 12 available
 Memory: 7502M
 Large Page Support: Disabled
 NUMA Support: Disabled
 Compressed Oops: Enabled (32-bit)
 Alignments: Space 512K, Generation 512K, Heap 2M
 Heap Min Capacity: 100M
 Heap Initial Capacity: 100M
 Heap Max Capacity: 1G
 Pre-touch: Disabled
 Parallel Workers: 10
Heap:
 PSYoungGen      total 8704K, used 8299K [0x00000000eab00000, 0x00000000eb500000, 0x0000000100000000)
  eden space 7680K, 98% used [0x00000000eab00000,0x00000000eb260860,0x00000000eb280000)
  from space 1024K, 72% used [0x00000000eb380000,0x00000000eb43a400,0x00000000eb480000)
  to   space 1024K, 0% used [0x00000000eb280000,0x00000000eb280000,0x00000000eb380000)
 ParOldGen       total 695808K, used 695636K [0x00000000c0000000, 0x00000000ea780000, 0x00000000eab00000)
  object space 695808K, 99% used [0x00000000c0000000,0x00000000ea755268,0x00000000ea780000)
 Metaspace       used 93388K, committed 95424K, reserved 1179648K
  class space    used 9344K, committed 10304K, reserved 1048576K
GC Heap History (20 events):
Event: 742.271 GC heap after
{Heap after GC invocations=1977 (full 8):
 PSYoungGen      total 8192K, used 3072K [0x00000000eab00000, 0x00000000ec000000, 0x0000000100000000)
  eden space 5120K, 0% used [0x00000000eab00000,0x00000000eab00000,0x00000000eb000000)
  from space 3072K, 100% used [0x00000000eb000000,0x00000000eb300000,0x00000000eb300000)
  to   space 7680K, 0% used [0x00000000eb880000,0x00000000eb880000,0x00000000ec000000)
 ParOldGen       total 678912K, used 678867K [0x00000000c0000000, 0x00000000e9700000, 0x00000000eab00000)
  object space 678912K, 99% used [0x00000000c0000000,0x00000000e96f4e90,0x00000000e9700000)
 Metaspace       used 93304K, committed 95232K, reserved 1179648K
  class space    used 9343K, committed 10304K, reserved 1048576K
}
Event: 742.296 GC heap before
{Heap before GC invocations=1978 (full 8):
 PSYoungGen      total 8192K, used 8192K [0x00000000eab00000, 0x00000000ec000000, 0x0000000100000000)
  eden space 5120K, 100% used [0x00000000eab00000,0x00000000eb000000,0x00000000eb000000)
  from space 3072K, 100% used [0x00000000eb000000,0x00000000eb300000,0x00000000eb300000)
  to   space 7680K, 0% used [0x00000000eb880000,0x00000000eb880000,0x00000000ec000000)
 ParOldGen       total 678912K, used 678867K [0x00000000c0000000, 0x00000000e9700000, 0x00000000eab00000)
  object space 678912K, 99% used [0x00000000c0000000,0x00000000e96f4e90,0x00000000e9700000)
 Metaspace       used 93304K, committed 95232K, reserved 1179648K
  class space    used 9343K, committed 10304K, reserved 1048576K
}
Event: 742.306 GC heap after
{Heap after GC invocations=1978 (full 8):
 PSYoungGen      total 11264K, used 4888K [0x00000000eab00000, 0x00000000ebd80000, 0x0000000100000000)
  eden space 6144K, 0% used [0x00000000eab00000,0x00000000eab00000,0x00000000eb100000)
  from space 5120K, 95% used [0x00000000eb880000,0x00000000ebd46000,0x00000000ebd80000)
  to   space 5632K, 0% used [0x00000000eb280000,0x00000000eb280000,0x00000000eb800000)
 ParOldGen       total 682496K, used 682003K [0x00000000c0000000, 0x00000000e9a80000, 0x00000000eab00000)
  object space 682496K, 99% used [0x00000000c0000000,0x00000000e9a04e90,0x00000000e9a80000)
 Metaspace       used 93304K, committed 95232K, reserved 1179648K
  class space    used 9343K, committed 10304K, reserved 1048576K
}
Event: 743.437 GC heap before
{Heap before GC invocations=1979 (full 8):
 PSYoungGen      total 11264K, used 11031K [0x00000000eab00000, 0x00000000ebd80000, 0x0000000100000000)
  eden space 6144K, 99% used [0x00000000eab00000,0x00000000eb0fffb8,0x00000000eb100000)
  from space 5120K, 95% used [0x00000000eb880000,0x00000000ebd46000,0x00000000ebd80000)
  to   space 5632K, 0% used [0x00000000eb280000,0x00000000eb280000,0x00000000eb800000)
 ParOldGen       total 682496K, used 682003K [0x00000000c0000000, 0x00000000e9a80000, 0x00000000eab00000)
  object space 682496K, 99% used [0x00000000c0000000,0x00000000e9a04e90,0x00000000e9a80000)
 Metaspace       used 93326K, committed 95296K, reserved 1179648K
  class space    used 9343K, committed 10304K, reserved 1048576K
}
Event: 743.448 GC heap after
{Heap after GC invocations=1979 (full 8):
 PSYoungGen      total 9216K, used 2644K [0x00000000eab00000, 0x00000000eb900000, 0x0000000100000000)
  eden space 6144K, 0% used [0x00000000eab00000,0x00000000eab00000,0x00000000eb100000)
  from space 3072K, 86% used [0x00000000eb280000,0x00000000eb515200,0x00000000eb580000)
  to   space 3584K, 0% used [0x00000000eb580000,0x00000000eb580000,0x00000000eb900000)
 ParOldGen       total 686592K, used 686507K [0x00000000c0000000, 0x00000000e9e80000, 0x00000000eab00000)
  object space 686592K, 99% used [0x00000000c0000000,0x00000000e9e6ae90,0x00000000e9e80000)
 Metaspace       used 93326K, committed 95296K, reserved 1179648K
  class space    used 9343K, committed 10304K, reserved 1048576K
}
Event: 743.491 GC heap before
{Heap before GC invocations=1980 (full 8):
 PSYoungGen      total 9216K, used 8788K [0x00000000eab00000, 0x00000000eb900000, 0x0000000100000000)
  eden space 6144K, 100% used [0x00000000eab00000,0x00000000eb100000,0x00000000eb100000)
  from space 3072K, 86% used [0x00000000eb280000,0x00000000eb515200,0x00000000eb580000)
  to   space 3584K, 0% used [0x00000000eb580000,0x00000000eb580000,0x00000000eb900000)
 ParOldGen       total 686592K, used 686507K [0x00000000c0000000, 0x00000000e9e80000, 0x00000000eab00000)
  object space 686592K, 99% used [0x00000000c0000000,0x00000000e9e6ae90,0x00000000e9e80000)
 Metaspace       used 93326K, committed 95296K, reserved 1179648K
  class space    used 9343K, committed 10304K, reserved 1048576K
}
Event: 743.497 GC heap after
{Heap after GC invocations=1980 (full 8):
 PSYoungGen      total 8192K, used 1771K [0x00000000eab00000, 0x00000000eb780000, 0x0000000100000000)
  eden space 6144K, 0% used [0x00000000eab00000,0x00000000eab00000,0x00000000eb100000)
  from space 2048K, 86% used [0x00000000eb580000,0x00000000eb73aea0,0x00000000eb780000)
  to   space 2560K, 0% used [0x00000000eb280000,0x00000000eb280000,0x00000000eb500000)
 ParOldGen       total 689152K, used 689054K [0x00000000c0000000, 0x00000000ea100000, 0x00000000eab00000)
  object space 689152K, 99% used [0x00000000c0000000,0x00000000ea0e7ba8,0x00000000ea100000)
 Metaspace       used 93326K, committed 95296K, reserved 1179648K
  class space    used 9343K, committed 10304K, reserved 1048576K
}
Event: 743.512 GC heap before
{Heap before GC invocations=1981 (full 8):
 PSYoungGen      total 8192K, used 7915K [0x00000000eab00000, 0x00000000eb780000, 0x0000000100000000)
  eden space 6144K, 100% used [0x00000000eab00000,0x00000000eb100000,0x00000000eb100000)
  from space 2048K, 86% used [0x00000000eb580000,0x00000000eb73aea0,0x00000000eb780000)
  to   space 2560K, 0% used [0x00000000eb280000,0x00000000eb280000,0x00000000eb500000)
 ParOldGen       total 689152K, used 689054K [0x00000000c0000000, 0x00000000ea100000, 0x00000000eab00000)
  object space 689152K, 99% used [0x00000000c0000000,0x00000000ea0e7ba8,0x00000000ea100000)
 Metaspace       used 93326K, committed 95296K, reserved 1179648K
  class space    used 9343K, committed 10304K, reserved 1048576K
}
Event: 743.515 GC heap after
{Heap after GC invocations=1981 (full 8):
 PSYoungGen      total 7168K, used 864K [0x00000000eab00000, 0x00000000eb600000, 0x0000000100000000)
  eden space 6144K, 0% used [0x00000000eab00000,0x00000000eab00000,0x00000000eb100000)
  from space 1024K, 84% used [0x00000000eb280000,0x00000000eb358000,0x00000000eb380000)
  to   space 1536K, 0% used [0x00000000eb480000,0x00000000eb480000,0x00000000eb600000)
 ParOldGen       total 689664K, used 689502K [0x00000000c0000000, 0x00000000ea180000, 0x00000000eab00000)
  object space 689664K, 99% used [0x00000000c0000000,0x00000000ea157bc8,0x00000000ea180000)
 Metaspace       used 93326K, committed 95296K, reserved 1179648K
  class space    used 9343K, committed 10304K, reserved 1048576K
}
Event: 743.556 GC heap before
{Heap before GC invocations=1982 (full 8):
 PSYoungGen      total 7168K, used 6854K [0x00000000eab00000, 0x00000000eb600000, 0x0000000100000000)
  eden space 6144K, 97% used [0x00000000eab00000,0x00000000eb0d9868,0x00000000eb100000)
  from space 1024K, 84% used [0x00000000eb280000,0x00000000eb358000,0x00000000eb380000)
  to   space 1536K, 0% used [0x00000000eb480000,0x00000000eb480000,0x00000000eb600000)
 ParOldGen       total 689664K, used 689502K [0x00000000c0000000, 0x00000000ea180000, 0x00000000eab00000)
  object space 689664K, 99% used [0x00000000c0000000,0x00000000ea157bc8,0x00000000ea180000)
 Metaspace       used 93329K, committed 95296K, reserved 1179648K
  class space    used 9343K, committed 10304K, reserved 1048576K
}
Event: 743.560 GC heap after
{Heap after GC invocations=1982 (full 8):
 PSYoungGen      total 7680K, used 1520K [0x00000000eab00000, 0x00000000eb700000, 0x0000000100000000)
  eden space 6144K, 0% used [0x00000000eab00000,0x00000000eab00000,0x00000000eb100000)
  from space 1536K, 98% used [0x00000000eb480000,0x00000000eb5fc010,0x00000000eb600000)
  to   space 3072K, 0% used [0x00000000eb100000,0x00000000eb100000,0x00000000eb400000)
 ParOldGen       total 690688K, used 690446K [0x00000000c0000000, 0x00000000ea280000, 0x00000000eab00000)
  object space 690688K, 99% used [0x00000000c0000000,0x00000000ea243bc8,0x00000000ea280000)
 Metaspace       used 93329K, committed 95296K, reserved 1179648K
  class space    used 9343K, committed 10304K, reserved 1048576K
}
Event: 743.624 GC heap before
{Heap before GC invocations=1983 (full 8):
 PSYoungGen      total 7680K, used 7664K [0x00000000eab00000, 0x00000000eb700000, 0x0000000100000000)
  eden space 6144K, 100% used [0x00000000eab00000,0x00000000eb100000,0x00000000eb100000)
  from space 1536K, 98% used [0x00000000eb480000,0x00000000eb5fc010,0x00000000eb600000)
  to   space 3072K, 0% used [0x00000000eb100000,0x00000000eb100000,0x00000000eb400000)
 ParOldGen       total 690688K, used 690446K [0x00000000c0000000, 0x00000000ea280000, 0x00000000eab00000)
  object space 690688K, 99% used [0x00000000c0000000,0x00000000ea243bc8,0x00000000ea280000)
 Metaspace       used 93329K, committed 95296K, reserved 1179648K
  class space    used 9343K, committed 10304K, reserved 1048576K
}
Event: 743.629 GC heap after
{Heap after GC invocations=1983 (full 8):
 PSYoungGen      total 8192K, used 1648K [0x00000000eab00000, 0x00000000eb500000, 0x0000000100000000)
  eden space 6144K, 0% used [0x00000000eab00000,0x00000000eab00000,0x00000000eb100000)
  from space 2048K, 80% used [0x00000000eb100000,0x00000000eb29c290,0x00000000eb300000)
  to   space 2048K, 0% used [0x00000000eb300000,0x00000000eb300000,0x00000000eb500000)
 ParOldGen       total 692224K, used 691847K [0x00000000c0000000, 0x00000000ea400000, 0x00000000eab00000)
  object space 692224K, 99% used [0x00000000c0000000,0x00000000ea3a1f30,0x00000000ea400000)
 Metaspace       used 93329K, committed 95296K, reserved 1179648K
  class space    used 9343K, committed 10304K, reserved 1048576K
}
Event: 743.711 GC heap before
{Heap before GC invocations=1984 (full 8):
 PSYoungGen      total 8192K, used 7792K [0x00000000eab00000, 0x00000000eb500000, 0x0000000100000000)
  eden space 6144K, 100% used [0x00000000eab00000,0x00000000eb100000,0x00000000eb100000)
  from space 2048K, 80% used [0x00000000eb100000,0x00000000eb29c290,0x00000000eb300000)
  to   space 2048K, 0% used [0x00000000eb300000,0x00000000eb300000,0x00000000eb500000)
 ParOldGen       total 692224K, used 691847K [0x00000000c0000000, 0x00000000ea400000, 0x00000000eab00000)
  object space 692224K, 99% used [0x00000000c0000000,0x00000000ea3a1f30,0x00000000ea400000)
 Metaspace       used 93329K, committed 95296K, reserved 1179648K
  class space    used 9343K, committed 10304K, reserved 1048576K
}
Event: 743.718 GC heap after
{Heap after GC invocations=1984 (full 8):
 PSYoungGen      total 7168K, used 969K [0x00000000eab00000, 0x00000000eb400000, 0x0000000100000000)
  eden space 6144K, 0% used [0x00000000eab00000,0x00000000eab00000,0x00000000eb100000)
  from space 1024K, 94% used [0x00000000eb300000,0x00000000eb3f2400,0x00000000eb400000)
  to   space 1536K, 0% used [0x00000000eb100000,0x00000000eb100000,0x00000000eb280000)
 ParOldGen       total 693760K, used 693360K [0x00000000c0000000, 0x00000000ea580000, 0x00000000eab00000)
  object space 693760K, 99% used [0x00000000c0000000,0x00000000ea51c1d0,0x00000000ea580000)
 Metaspace       used 93329K, committed 95296K, reserved 1179648K
  class space    used 9343K, committed 10304K, reserved 1048576K
}
Event: 744.041 GC heap before
{Heap before GC invocations=1985 (full 8):
 PSYoungGen      total 7168K, used 7112K [0x00000000eab00000, 0x00000000eb400000, 0x0000000100000000)
  eden space 6144K, 99% used [0x00000000eab00000,0x00000000eb0ffff0,0x00000000eb100000)
  from space 1024K, 94% used [0x00000000eb300000,0x00000000eb3f2400,0x00000000eb400000)
  to   space 1536K, 0% used [0x00000000eb100000,0x00000000eb100000,0x00000000eb280000)
 ParOldGen       total 693760K, used 693360K [0x00000000c0000000, 0x00000000ea580000, 0x00000000eab00000)
  object space 693760K, 99% used [0x00000000c0000000,0x00000000ea51c1d0,0x00000000ea580000)
 Metaspace       used 93359K, committed 95360K, reserved 1179648K
  class space    used 9343K, committed 10304K, reserved 1048576K
}
Event: 744.045 GC heap after
{Heap after GC invocations=1985 (full 8):
 PSYoungGen      total 7680K, used 645K [0x00000000eab00000, 0x00000000eb380000, 0x0000000100000000)
  eden space 6144K, 0% used [0x00000000eab00000,0x00000000eab00000,0x00000000eb100000)
  from space 1536K, 42% used [0x00000000eb100000,0x00000000eb1a17e0,0x00000000eb280000)
  to   space 1024K, 0% used [0x00000000eb280000,0x00000000eb280000,0x00000000eb380000)
 ParOldGen       total 694272K, used 693796K [0x00000000c0000000, 0x00000000ea600000, 0x00000000eab00000)
  object space 694272K, 99% used [0x00000000c0000000,0x00000000ea589200,0x00000000ea600000)
 Metaspace       used 93359K, committed 95360K, reserved 1179648K
  class space    used 9343K, committed 10304K, reserved 1048576K
}
Event: 744.069 GC heap before
{Heap before GC invocations=1986 (full 8):
 PSYoungGen      total 7680K, used 6789K [0x00000000eab00000, 0x00000000eb380000, 0x0000000100000000)
  eden space 6144K, 100% used [0x00000000eab00000,0x00000000eb100000,0x00000000eb100000)
  from space 1536K, 42% used [0x00000000eb100000,0x00000000eb1a17e0,0x00000000eb280000)
  to   space 1024K, 0% used [0x00000000eb280000,0x00000000eb280000,0x00000000eb380000)
 ParOldGen       total 694272K, used 693796K [0x00000000c0000000, 0x00000000ea600000, 0x00000000eab00000)
  object space 694272K, 99% used [0x00000000c0000000,0x00000000ea589200,0x00000000ea600000)
 Metaspace       used 93368K, committed 95360K, reserved 1179648K
  class space    used 9343K, committed 10304K, reserved 1048576K
}
Event: 744.072 GC heap after
{Heap after GC invocations=1986 (full 8):
 PSYoungGen      total 7168K, used 825K [0x00000000eab00000, 0x00000000eb380000, 0x0000000100000000)
  eden space 6144K, 0% used [0x00000000eab00000,0x00000000eab00000,0x00000000eb100000)
  from space 1024K, 80% used [0x00000000eb280000,0x00000000eb34e410,0x00000000eb380000)
  to   space 1024K, 0% used [0x00000000eb180000,0x00000000eb180000,0x00000000eb280000)
 ParOldGen       total 694272K, used 694202K [0x00000000c0000000, 0x00000000ea600000, 0x00000000eab00000)
  object space 694272K, 99% used [0x00000000c0000000,0x00000000ea5eea28,0x00000000ea600000)
 Metaspace       used 93368K, committed 95360K, reserved 1179648K
  class space    used 9343K, committed 10304K, reserved 1048576K
}
Event: 744.164 GC heap before
{Heap before GC invocations=1987 (full 8):
 PSYoungGen      total 7168K, used 6969K [0x00000000eab00000, 0x00000000eb380000, 0x0000000100000000)
  eden space 6144K, 100% used [0x00000000eab00000,0x00000000eb100000,0x00000000eb100000)
  from space 1024K, 80% used [0x00000000eb280000,0x00000000eb34e410,0x00000000eb380000)
  to   space 1024K, 0% used [0x00000000eb180000,0x00000000eb180000,0x00000000eb280000)
 ParOldGen       total 694272K, used 694202K [0x00000000c0000000, 0x00000000ea600000, 0x00000000eab00000)
  object space 694272K, 99% used [0x00000000c0000000,0x00000000ea5eea28,0x00000000ea600000)
 Metaspace       used 93384K, committed 95360K, reserved 1179648K
  class space    used 9343K, committed 10304K, reserved 1048576K
}

